Determining if the pthread_create exist failed with the following output:
Change Dir: /home/workspace/RoboND-Go-Chase-It-Project/catkin_ws/build/CMakeFiles/CMakeTmp

Run Build Command:"/usr/bin/make" "cmTC_83240/fast"
/usr/bin/make -f CMakeFiles/cmTC_83240.dir/build.make CMakeFiles/cmTC_83240.dir/build
make[1]: Entering directory '/home/workspace/RoboND-Go-Chase-It-Project/catkin_ws/build/CMakeFiles/CMakeTmp'
Building C object CMakeFiles/cmTC_83240.dir/CheckSymbolExists.c.o
/usr/bin/cc     -o CMakeFiles/cmTC_83240.dir/CheckSymbolExists.c.o   -c /home/workspace/RoboND-Go-Chase-It-Project/catkin_ws/build/CMakeFiles/CMakeTmp/CheckSymbolExists.c
Linking C executable cmTC_83240
/usr/bin/cmake -E cmake_link_script CMakeFiles/cmTC_83240.dir/link.txt --verbose=1
/usr/bin/cc       CMakeFiles/cmTC_83240.dir/CheckSymbolExists.c.o  -o cmTC_83240 -rdynamic 
CMakeFiles/cmTC_83240.dir/CheckSymbolExists.c.o: In function `main':
CheckSymbolExists.c:(.text+0x16): undefined reference to `pthread_create'
collect2: error: ld returned 1 exit status
CMakeFiles/cmTC_83240.dir/build.make:97: recipe for target 'cmTC_83240' failed
make[1]: *** [cmTC_83240] Error 1
make[1]: Leaving directory '/home/workspace/RoboND-Go-Chase-It-Project/catkin_ws/build/CMakeFiles/CMakeTmp'
Makefile:126: recipe for target 'cmTC_83240/fast' failed
make: *** [cmTC_83240/fast] Error 2

File /home/workspace/RoboND-Go-Chase-It-Project/catkin_ws/build/CMakeFiles/CMakeTmp/CheckSymbolExists.c:
/* */
#include <pthread.h>

int main(int argc, char** argv)
{
  (void)argv;
#ifndef pthread_create
  return ((int*)(&pthread_create))[argc];
#else
  (void)argc;
  return 0;
#endif
}

Determining if the function pthread_create exists in the pthreads failed with the following output:
Change Dir: /home/workspace/RoboND-Go-Chase-It-Project/catkin_ws/build/CMakeFiles/CMakeTmp

Run Build Command:"/usr/bin/make" "cmTC_8cdcb/fast"
/usr/bin/make -f CMakeFiles/cmTC_8cdcb.dir/build.make CMakeFiles/cmTC_8cdcb.dir/build
make[1]: Entering directory '/home/workspace/RoboND-Go-Chase-It-Project/catkin_ws/build/CMakeFiles/CMakeTmp'
Building C object CMakeFiles/cmTC_8cdcb.dir/CheckFunctionExists.c.o
/usr/bin/cc    -DCHECK_FUNCTION_EXISTS=pthread_create   -o CMakeFiles/cmTC_8cdcb.dir/CheckFunctionExists.c.o   -c /usr/share/cmake-3.5/Modules/CheckFunctionExists.c
Linking C executable cmTC_8cdcb
/usr/bin/cmake -E cmake_link_script CMakeFiles/cmTC_8cdcb.dir/link.txt --verbose=1
/usr/bin/cc   -DCHECK_FUNCTION_EXISTS=pthread_create    CMakeFiles/cmTC_8cdcb.dir/CheckFunctionExists.c.o  -o cmTC_8cdcb -rdynamic -lpthreads 
/usr/bin/ld: cannot find -lpthreads
collect2: error: ld returned 1 exit status
CMakeFiles/cmTC_8cdcb.dir/build.make:97: recipe for target 'cmTC_8cdcb' failed
make[1]: *** [cmTC_8cdcb] Error 1
make[1]: Leaving directory '/home/workspace/RoboND-Go-Chase-It-Project/catkin_ws/build/CMakeFiles/CMakeTmp'
Makefile:126: recipe for target 'cmTC_8cdcb/fast' failed
make: *** [cmTC_8cdcb/fast] Error 2


